2024-12-04T03:50:38.549837Z 0 [Warning] [MY-010097] [Server] Insecure configuration for --secure-file-priv: Current value does not restrict location of generated files. Consider setting it to a valid, non-empty path.
2024-12-04T03:50:38.549937Z 0 [Warning] [MY-010918] [Server] 'default_authentication_plugin' is deprecated and will be removed in a future release. Please use authentication_policy instead.
2024-12-04T03:50:38.550001Z 0 [System] [MY-010116] [Server] C:\laragon\bin\mysql\mysql-8.0.30-winx64\bin\mysqld (mysqld 8.0.30) starting as process 12804
2024-12-04T03:50:38.677069Z 1 [System] [MY-013576] [InnoDB] InnoDB initialization has started.
2024-12-04T03:50:48.413186Z 1 [System] [MY-013577] [InnoDB] InnoDB initialization has ended.
2024-12-04T03:50:52.815113Z 0 [Warning] [MY-013829] [Server] Missing data directory for ICU regular expressions: C:\laragon\bin\mysql\mysql-8.0.30-winx64\lib\private\.
2024-12-04T03:50:52.971267Z 0 [Warning] [MY-010068] [Server] CA certificate ca.pem is self signed.
2024-12-04T03:50:52.972078Z 0 [System] [MY-013602] [Server] Channel mysql_main configured to support TLS. Encrypted connections are now supported for this channel.
2024-12-04T03:50:53.860368Z 0 [System] [MY-011323] [Server] X Plugin ready for connections. Bind-address: '::' port: 33060
2024-12-04T03:50:53.860725Z 0 [System] [MY-010931] [Server] C:\laragon\bin\mysql\mysql-8.0.30-winx64\bin\mysqld: ready for connections. Version: '8.0.30'  socket: ''  port: 3306  MySQL Community Server - GPL.
2024-12-04T04:02:10.859460Z 8 [System] [MY-013172] [Server] Received SHUTDOWN from user root. Shutting down mysqld (Version: 8.0.30).
2024-12-04T04:02:10.861576Z 0 [System] [MY-013105] [Server] C:\laragon\bin\mysql\mysql-8.0.30-winx64\bin\mysqld: Normal shutdown.
2024-12-04T04:02:12.278150Z 0 [System] [MY-010910] [Server] C:\laragon\bin\mysql\mysql-8.0.30-winx64\bin\mysqld: Shutdown complete (mysqld 8.0.30)  MySQL Community Server - GPL.
2024-12-09T04:22:41.790614Z 0 [Warning] [MY-010097] [Server] Insecure configuration for --secure-file-priv: Current value does not restrict location of generated files. Consider setting it to a valid, non-empty path.
2024-12-09T04:22:41.949875Z 0 [Warning] [MY-010918] [Server] 'default_authentication_plugin' is deprecated and will be removed in a future release. Please use authentication_policy instead.
2024-12-09T04:22:41.950101Z 0 [System] [MY-010116] [Server] C:\laragon\bin\mysql\mysql-8.0.30-winx64\bin\mysqld (mysqld 8.0.30) starting as process 13600
2024-12-09T04:22:47.607321Z 1 [System] [MY-013576] [InnoDB] InnoDB initialization has started.
2024-12-09T04:23:39.796012Z 1 [System] [MY-013577] [InnoDB] InnoDB initialization has ended.
2024-12-09T04:23:53.294837Z 0 [Warning] [MY-013829] [Server] Missing data directory for ICU regular expressions: C:\laragon\bin\mysql\mysql-8.0.30-winx64\lib\private\.
2024-12-09T04:23:54.118461Z 0 [Warning] [MY-010068] [Server] CA certificate ca.pem is self signed.
2024-12-09T04:23:54.120636Z 0 [System] [MY-013602] [Server] Channel mysql_main configured to support TLS. Encrypted connections are now supported for this channel.
2024-12-09T04:23:55.839070Z 0 [System] [MY-011323] [Server] X Plugin ready for connections. Bind-address: '::' port: 33060
2024-12-09T04:23:55.839548Z 0 [System] [MY-010931] [Server] C:\laragon\bin\mysql\mysql-8.0.30-winx64\bin\mysqld: ready for connections. Version: '8.0.30'  socket: ''  port: 3306  MySQL Community Server - GPL.
2024-12-10T01:23:49.273173Z 0 [Warning] [MY-010097] [Server] Insecure configuration for --secure-file-priv: Current value does not restrict location of generated files. Consider setting it to a valid, non-empty path.
2024-12-10T01:23:49.387762Z 0 [Warning] [MY-010918] [Server] 'default_authentication_plugin' is deprecated and will be removed in a future release. Please use authentication_policy instead.
2024-12-10T01:23:49.387983Z 0 [System] [MY-010116] [Server] C:\laragon\bin\mysql\mysql-8.0.30-winx64\bin\mysqld (mysqld 8.0.30) starting as process 13028
2024-12-10T01:23:52.089795Z 1 [System] [MY-013576] [InnoDB] InnoDB initialization has started.
2024-12-10T01:24:10.077516Z 1 [System] [MY-013577] [InnoDB] InnoDB initialization has ended.
2024-12-10T01:24:18.840648Z 0 [System] [MY-010229] [Server] Starting XA crash recovery...
2024-12-10T01:24:18.873426Z 0 [System] [MY-010232] [Server] XA crash recovery finished.
2024-12-10T01:24:19.856993Z 0 [Warning] [MY-013829] [Server] Missing data directory for ICU regular expressions: C:\laragon\bin\mysql\mysql-8.0.30-winx64\lib\private\.
2024-12-10T01:24:21.057231Z 0 [Warning] [MY-010068] [Server] CA certificate ca.pem is self signed.
2024-12-10T01:24:21.059286Z 0 [System] [MY-013602] [Server] Channel mysql_main configured to support TLS. Encrypted connections are now supported for this channel.
2024-12-10T01:24:21.877476Z 0 [System] [MY-011323] [Server] X Plugin ready for connections. Bind-address: '::' port: 33060
2024-12-10T01:24:21.878008Z 0 [System] [MY-010931] [Server] C:\laragon\bin\mysql\mysql-8.0.30-winx64\bin\mysqld: ready for connections. Version: '8.0.30'  socket: ''  port: 3306  MySQL Community Server - GPL.
2024-12-10T07:04:26.943869Z 66 [System] [MY-013172] [Server] Received SHUTDOWN from user root. Shutting down mysqld (Version: 8.0.30).
2024-12-10T07:04:26.948519Z 0 [System] [MY-013105] [Server] C:\laragon\bin\mysql\mysql-8.0.30-winx64\bin\mysqld: Normal shutdown.
2024-12-10T07:04:28.486876Z 0 [System] [MY-010910] [Server] C:\laragon\bin\mysql\mysql-8.0.30-winx64\bin\mysqld: Shutdown complete (mysqld 8.0.30)  MySQL Community Server - GPL.
2024-12-17T01:26:30.986426Z 0 [Warning] [MY-010097] [Server] Insecure configuration for --secure-file-priv: Current value does not restrict location of generated files. Consider setting it to a valid, non-empty path.
2024-12-17T01:26:31.045271Z 0 [Warning] [MY-010918] [Server] 'default_authentication_plugin' is deprecated and will be removed in a future release. Please use authentication_policy instead.
2024-12-17T01:26:31.045457Z 0 [System] [MY-010116] [Server] C:\laragon\bin\mysql\mysql-8.0.30-winx64\bin\mysqld (mysqld 8.0.30) starting as process 8588
2024-12-17T01:26:32.736196Z 1 [System] [MY-013576] [InnoDB] InnoDB initialization has started.
2024-12-17T01:26:49.345971Z 1 [System] [MY-013577] [InnoDB] InnoDB initialization has ended.
2024-12-17T01:26:57.732361Z 0 [Warning] [MY-013829] [Server] Missing data directory for ICU regular expressions: C:\laragon\bin\mysql\mysql-8.0.30-winx64\lib\private\.
2024-12-17T01:26:58.975774Z 0 [Warning] [MY-010068] [Server] CA certificate ca.pem is self signed.
2024-12-17T01:26:58.977056Z 0 [System] [MY-013602] [Server] Channel mysql_main configured to support TLS. Encrypted connections are now supported for this channel.
2024-12-17T01:26:59.934802Z 0 [System] [MY-011323] [Server] X Plugin ready for connections. Bind-address: '::' port: 33060
2024-12-17T01:26:59.935370Z 0 [System] [MY-010931] [Server] C:\laragon\bin\mysql\mysql-8.0.30-winx64\bin\mysqld: ready for connections. Version: '8.0.30'  socket: ''  port: 3306  MySQL Community Server - GPL.
2024-12-17T01:45:11.851351Z 29 [System] [MY-013172] [Server] Received SHUTDOWN from user root. Shutting down mysqld (Version: 8.0.30).
2024-12-17T01:45:11.854394Z 0 [System] [MY-013105] [Server] C:\laragon\bin\mysql\mysql-8.0.30-winx64\bin\mysqld: Normal shutdown.
2024-12-17T01:45:12.757952Z 0 [System] [MY-010910] [Server] C:\laragon\bin\mysql\mysql-8.0.30-winx64\bin\mysqld: Shutdown complete (mysqld 8.0.30)  MySQL Community Server - GPL.
2024-12-17T01:45:24.125374Z 0 [Warning] [MY-010097] [Server] Insecure configuration for --secure-file-priv: Current value does not restrict location of generated files. Consider setting it to a valid, non-empty path.
2024-12-17T01:45:24.125521Z 0 [Warning] [MY-010918] [Server] 'default_authentication_plugin' is deprecated and will be removed in a future release. Please use authentication_policy instead.
2024-12-17T01:45:24.125619Z 0 [System] [MY-010116] [Server] C:\laragon\bin\mysql\mysql-8.0.30-winx64\bin\mysqld (mysqld 8.0.30) starting as process 8640
2024-12-17T01:45:24.298517Z 1 [System] [MY-013576] [InnoDB] InnoDB initialization has started.
2024-12-17T01:45:34.684181Z 1 [System] [MY-013577] [InnoDB] InnoDB initialization has ended.
2024-12-17T01:45:36.494989Z 0 [Warning] [MY-013829] [Server] Missing data directory for ICU regular expressions: C:\laragon\bin\mysql\mysql-8.0.30-winx64\lib\private\.
2024-12-17T01:45:36.568256Z 0 [Warning] [MY-010068] [Server] CA certificate ca.pem is self signed.
2024-12-17T01:45:36.569152Z 0 [System] [MY-013602] [Server] Channel mysql_main configured to support TLS. Encrypted connections are now supported for this channel.
2024-12-17T01:45:36.701446Z 0 [System] [MY-011323] [Server] X Plugin ready for connections. Bind-address: '::' port: 33060
2024-12-17T01:45:36.701723Z 0 [System] [MY-010931] [Server] C:\laragon\bin\mysql\mysql-8.0.30-winx64\bin\mysqld: ready for connections. Version: '8.0.30'  socket: ''  port: 3306  MySQL Community Server - GPL.
